<?xml version="1.0" encoding="UTF-8"?>
<!-- Generated by org.testng.reporters.JUnitReportReporter -->
<testsuite hostname="TVDI-040" failures="0" tests="1" name="com.apitest.Git" time="2.967" errors="0" timestamp="2023-06-30T10:31:27 IST" skipped="0">
  <testcase classname="com.apitest.Git" name="delete" time="2.967"/>
</testsuite> <!-- com.apitest.Git -->
