<?xml version="1.0" encoding="UTF-8"?>
<!-- Generated by org.testng.reporters.JUnitReportReporter -->
<testsuite hostname="TVDI-040" failures="0" tests="5" name="com.apitest.Git" time="7.569" errors="0" timestamp="2023-06-30T12:51:03 IST" skipped="0">
  <testcase classname="com.apitest.Git" name="getUser" time="4.307"/>
  <testcase classname="com.apitest.Git" name="getRepo" time="0.574"/>
  <testcase classname="com.apitest.Git" name="create" time="1.372"/>
  <testcase classname="com.apitest.Git" name="update" time="0.739"/>
  <testcase classname="com.apitest.Git" name="delete" time="0.577"/>
</testsuite> <!-- com.apitest.Git -->
